[ INFO ] [2016-07-27 17:54:03] com.dzg.BootSimpleApplication [48] - Starting BootSimpleApplication on DZG-PC with PID 15044 (E:\CodingArea\bootSimple\BootSimpleDemo\target\classes started by DZG in E:\CodingArea\bootSimple\BootSimpleDemo)
[ INFO ] [2016-07-27 17:54:03] com.dzg.BootSimpleApplication [660] - No active profile set, falling back to default profiles: default
[ INFO ] [2016-07-27 17:54:03] org.springframework.boot.context.embedded.AnnotationConfigEmbeddedWebApplicationContext [578] - Refreshing org.springframework.boot.context.embedded.AnnotationConfigEmbeddedWebApplicationContext@36f0f1be: startup date [Wed Jul 27 17:54:03 CST 2016]; root of context hierarchy
[ INFO ] [2016-07-27 17:54:03] org.hibernate.validator.internal.util.Version [30] - HV000001: Hibernate Validator 5.2.4.Final
[ INFO ] [2016-07-27 17:54:04] org.springframework.boot.context.embedded.tomcat.TomcatEmbeddedServletContainer [81] - Tomcat initialized with port(s): 8080 (http)
[ INFO ] [2016-07-27 17:54:04] org.apache.catalina.core.StandardService [180] - Starting service Tomcat
[ INFO ] [2016-07-27 17:54:04] org.apache.catalina.core.StandardEngine [180] - Starting Servlet Engine: Apache Tomcat/8.0.36
[ INFO ] [2016-07-27 17:54:04] org.apache.catalina.core.ContainerBase.[Tomcat].[localhost].[/] [180] - Initializing Spring embedded WebApplicationContext
[ INFO ] [2016-07-27 17:54:04] org.springframework.web.context.ContextLoader [272] - Root WebApplicationContext: initialization completed in 1276 ms
[ INFO ] [2016-07-27 17:54:04] org.springframework.boot.context.embedded.FilterRegistrationBean [258] - Mapping filter: 'characterEncodingFilter' to: [/*]
[ INFO ] [2016-07-27 17:54:04] org.springframework.boot.context.embedded.FilterRegistrationBean [258] - Mapping filter: 'hiddenHttpMethodFilter' to: [/*]
[ INFO ] [2016-07-27 17:54:04] org.springframework.boot.context.embedded.FilterRegistrationBean [258] - Mapping filter: 'httpPutFormContentFilter' to: [/*]
[ INFO ] [2016-07-27 17:54:04] org.springframework.boot.context.embedded.FilterRegistrationBean [258] - Mapping filter: 'requestContextFilter' to: [/*]
[ INFO ] [2016-07-27 17:54:04] org.springframework.boot.context.embedded.DelegatingFilterProxyRegistrationBean [258] - Mapping filter: 'springSecurityFilterChain' to: [/*]
[ INFO ] [2016-07-27 17:54:04] org.springframework.boot.context.embedded.ServletRegistrationBean [189] - Mapping servlet: 'dispatcherServlet' to [/]
[ INFO ] [2016-07-27 17:54:04] org.springframework.security.web.DefaultSecurityFilterChain [28] - Creating filter chain: Ant [pattern='/css/**'], []
[ INFO ] [2016-07-27 17:54:04] org.springframework.security.web.DefaultSecurityFilterChain [28] - Creating filter chain: Ant [pattern='/js/**'], []
[ INFO ] [2016-07-27 17:54:04] org.springframework.security.web.DefaultSecurityFilterChain [28] - Creating filter chain: Ant [pattern='/images/**'], []
[ INFO ] [2016-07-27 17:54:04] org.springframework.security.web.DefaultSecurityFilterChain [28] - Creating filter chain: Ant [pattern='/**/favicon.ico'], []
[ INFO ] [2016-07-27 17:54:04] org.springframework.security.web.DefaultSecurityFilterChain [28] - Creating filter chain: Ant [pattern='/error'], []
[ INFO ] [2016-07-27 17:54:04] org.springframework.security.web.DefaultSecurityFilterChain [28] - Creating filter chain: OrRequestMatcher [requestMatchers=[Ant [pattern='/**']]], [org.springframework.security.web.context.request.async.WebAsyncManagerIntegrationFilter@2a66a70d, org.springframework.security.web.context.SecurityContextPersistenceFilter@1f29a853, org.springframework.security.web.header.HeaderWriterFilter@1ea7cbd4, org.springframework.security.web.authentication.logout.LogoutFilter@1168c987, org.springframework.security.web.authentication.www.BasicAuthenticationFilter@107a9b64, org.springframework.security.web.savedrequest.RequestCacheAwareFilter@5f3e2005, org.springframework.security.web.servletapi.SecurityContextHolderAwareRequestFilter@231c9563, org.springframework.security.web.authentication.AnonymousAuthenticationFilter@99219b, org.springframework.security.web.session.SessionManagementFilter@485928e2, org.springframework.security.web.access.ExceptionTranslationFilter@27baa5dd, org.springframework.security.web.access.intercept.FilterSecurityInterceptor@22ec11d3]
[ INFO ] [2016-07-27 17:54:05] org.springframework.web.servlet.mvc.method.annotation.RequestMappingHandlerAdapter [539] - Looking for @ControllerAdvice: org.springframework.boot.context.embedded.AnnotationConfigEmbeddedWebApplicationContext@36f0f1be: startup date [Wed Jul 27 17:54:03 CST 2016]; root of context hierarchy
[ INFO ] [2016-07-27 17:54:05] org.springframework.web.servlet.mvc.method.annotation.RequestMappingHandlerMapping [534] - Mapped "{[/]}" onto java.lang.String com.dzg.controller.HelloController.home()
[ INFO ] [2016-07-27 17:54:05] org.springframework.web.servlet.mvc.method.annotation.RequestMappingHandlerMapping [534] - Mapped "{[/hello/{name}]}" onto public java.lang.String com.dzg.controller.HelloController.hellName(java.lang.String)
[ INFO ] [2016-07-27 17:54:05] org.springframework.web.servlet.mvc.method.annotation.RequestMappingHandlerMapping [534] - Mapped "{[/error]}" onto public org.springframework.http.ResponseEntity<java.util.Map<java.lang.String, java.lang.Object>> org.springframework.boot.autoconfigure.web.BasicErrorController.error(javax.servlet.http.HttpServletRequest)
[ INFO ] [2016-07-27 17:54:05] org.springframework.web.servlet.mvc.method.annotation.RequestMappingHandlerMapping [534] - Mapped "{[/error],produces=[text/html]}" onto public org.springframework.web.servlet.ModelAndView org.springframework.boot.autoconfigure.web.BasicErrorController.errorHtml(javax.servlet.http.HttpServletRequest,javax.servlet.http.HttpServletResponse)
[ INFO ] [2016-07-27 17:54:05] org.springframework.web.servlet.handler.SimpleUrlHandlerMapping [341] - Mapped URL path [/webjars/**] onto handler of type [class org.springframework.web.servlet.resource.ResourceHttpRequestHandler]
[ INFO ] [2016-07-27 17:54:05] org.springframework.web.servlet.handler.SimpleUrlHandlerMapping [341] - Mapped URL path [/**] onto handler of type [class org.springframework.web.servlet.resource.ResourceHttpRequestHandler]
[ INFO ] [2016-07-27 17:54:05] org.springframework.web.servlet.handler.SimpleUrlHandlerMapping [341] - Mapped URL path [/**/favicon.ico] onto handler of type [class org.springframework.web.servlet.resource.ResourceHttpRequestHandler]
[ INFO ] [2016-07-27 17:54:05] org.springframework.jmx.export.annotation.AnnotationMBeanExporter [431] - Registering beans for JMX exposure on startup
[ INFO ] [2016-07-27 17:54:05] org.apache.coyote.http11.Http11NioProtocol [180] - Initializing ProtocolHandler ["http-nio-8080"]
[ INFO ] [2016-07-27 17:54:05] org.apache.coyote.http11.Http11NioProtocol [180] - Starting ProtocolHandler ["http-nio-8080"]
[ INFO ] [2016-07-27 17:54:05] org.apache.tomcat.util.net.NioSelectorPool [180] - Using a shared selector for servlet write/read
[ INFO ] [2016-07-27 17:54:05] org.springframework.boot.context.embedded.tomcat.TomcatEmbeddedServletContainer [162] - Tomcat started on port(s): 8080 (http)
[ INFO ] [2016-07-27 17:54:05] com.dzg.BootSimpleApplication [57] - Started BootSimpleApplication in 2.331 seconds (JVM running for 2.703)
[ INFO ] [2016-07-27 17:54:38] com.dzg.BootSimpleApplication [48] - Starting BootSimpleApplication on DZG-PC with PID 5796 (E:\CodingArea\bootSimple\BootSimpleDemo\target\classes started by DZG in E:\CodingArea\bootSimple\BootSimpleDemo)
[ INFO ] [2016-07-27 17:54:38] com.dzg.BootSimpleApplication [660] - No active profile set, falling back to default profiles: default
[ INFO ] [2016-07-27 17:54:38] org.springframework.boot.context.embedded.AnnotationConfigEmbeddedWebApplicationContext [578] - Refreshing org.springframework.boot.context.embedded.AnnotationConfigEmbeddedWebApplicationContext@36f0f1be: startup date [Wed Jul 27 17:54:38 CST 2016]; root of context hierarchy
[ INFO ] [2016-07-27 17:54:38] org.hibernate.validator.internal.util.Version [30] - HV000001: Hibernate Validator 5.2.4.Final
[ INFO ] [2016-07-27 17:54:39] org.springframework.boot.context.embedded.tomcat.TomcatEmbeddedServletContainer [81] - Tomcat initialized with port(s): 8080 (http)
[ INFO ] [2016-07-27 17:54:39] org.apache.catalina.core.StandardService [180] - Starting service Tomcat
[ INFO ] [2016-07-27 17:54:39] org.apache.catalina.core.StandardEngine [180] - Starting Servlet Engine: Apache Tomcat/8.0.36
[ INFO ] [2016-07-27 17:54:39] org.apache.catalina.core.ContainerBase.[Tomcat].[localhost].[/] [180] - Initializing Spring embedded WebApplicationContext
[ INFO ] [2016-07-27 17:54:39] org.springframework.web.context.ContextLoader [272] - Root WebApplicationContext: initialization completed in 1340 ms
[ INFO ] [2016-07-27 17:54:39] org.springframework.boot.context.embedded.FilterRegistrationBean [258] - Mapping filter: 'characterEncodingFilter' to: [/*]
[ INFO ] [2016-07-27 17:54:39] org.springframework.boot.context.embedded.FilterRegistrationBean [258] - Mapping filter: 'hiddenHttpMethodFilter' to: [/*]
[ INFO ] [2016-07-27 17:54:39] org.springframework.boot.context.embedded.FilterRegistrationBean [258] - Mapping filter: 'httpPutFormContentFilter' to: [/*]
[ INFO ] [2016-07-27 17:54:39] org.springframework.boot.context.embedded.FilterRegistrationBean [258] - Mapping filter: 'requestContextFilter' to: [/*]
[ INFO ] [2016-07-27 17:54:39] org.springframework.boot.context.embedded.DelegatingFilterProxyRegistrationBean [258] - Mapping filter: 'springSecurityFilterChain' to: [/*]
[ INFO ] [2016-07-27 17:54:39] org.springframework.boot.context.embedded.ServletRegistrationBean [189] - Mapping servlet: 'dispatcherServlet' to [/]
[ INFO ] [2016-07-27 17:54:40] org.springframework.security.web.DefaultSecurityFilterChain [28] - Creating filter chain: Ant [pattern='/css/**'], []
[ INFO ] [2016-07-27 17:54:40] org.springframework.security.web.DefaultSecurityFilterChain [28] - Creating filter chain: Ant [pattern='/js/**'], []
[ INFO ] [2016-07-27 17:54:40] org.springframework.security.web.DefaultSecurityFilterChain [28] - Creating filter chain: Ant [pattern='/images/**'], []
[ INFO ] [2016-07-27 17:54:40] org.springframework.security.web.DefaultSecurityFilterChain [28] - Creating filter chain: Ant [pattern='/**/favicon.ico'], []
[ INFO ] [2016-07-27 17:54:40] org.springframework.security.web.DefaultSecurityFilterChain [28] - Creating filter chain: Ant [pattern='/error'], []
[ INFO ] [2016-07-27 17:54:40] org.springframework.security.web.DefaultSecurityFilterChain [28] - Creating filter chain: OrRequestMatcher [requestMatchers=[Ant [pattern='/**']]], [org.springframework.security.web.context.request.async.WebAsyncManagerIntegrationFilter@122941f3, org.springframework.security.web.context.SecurityContextPersistenceFilter@1ed72c5e, org.springframework.security.web.header.HeaderWriterFilter@a67ab36, org.springframework.security.web.authentication.logout.LogoutFilter@4370dc15, org.springframework.security.web.authentication.www.BasicAuthenticationFilter@18dfac19, org.springframework.security.web.savedrequest.RequestCacheAwareFilter@31b2ec37, org.springframework.security.web.servletapi.SecurityContextHolderAwareRequestFilter@5d37f052, org.springframework.security.web.authentication.AnonymousAuthenticationFilter@6936f7c4, org.springframework.security.web.session.SessionManagementFilter@131e677a, org.springframework.security.web.access.ExceptionTranslationFilter@4118ede1, org.springframework.security.web.access.intercept.FilterSecurityInterceptor@5fd2c2d9]
[ INFO ] [2016-07-27 17:54:40] org.springframework.web.servlet.mvc.method.annotation.RequestMappingHandlerAdapter [539] - Looking for @ControllerAdvice: org.springframework.boot.context.embedded.AnnotationConfigEmbeddedWebApplicationContext@36f0f1be: startup date [Wed Jul 27 17:54:38 CST 2016]; root of context hierarchy
[ INFO ] [2016-07-27 17:54:40] org.springframework.web.servlet.mvc.method.annotation.RequestMappingHandlerMapping [534] - Mapped "{[/]}" onto java.lang.String com.dzg.controller.HelloController.home()
[ INFO ] [2016-07-27 17:54:40] org.springframework.web.servlet.mvc.method.annotation.RequestMappingHandlerMapping [534] - Mapped "{[/hello/{name}]}" onto public java.lang.String com.dzg.controller.HelloController.hellName(java.lang.String)
[ INFO ] [2016-07-27 17:54:40] org.springframework.web.servlet.mvc.method.annotation.RequestMappingHandlerMapping [534] - Mapped "{[/error]}" onto public org.springframework.http.ResponseEntity<java.util.Map<java.lang.String, java.lang.Object>> org.springframework.boot.autoconfigure.web.BasicErrorController.error(javax.servlet.http.HttpServletRequest)
[ INFO ] [2016-07-27 17:54:40] org.springframework.web.servlet.mvc.method.annotation.RequestMappingHandlerMapping [534] - Mapped "{[/error],produces=[text/html]}" onto public org.springframework.web.servlet.ModelAndView org.springframework.boot.autoconfigure.web.BasicErrorController.errorHtml(javax.servlet.http.HttpServletRequest,javax.servlet.http.HttpServletResponse)
[ INFO ] [2016-07-27 17:54:40] org.springframework.web.servlet.handler.SimpleUrlHandlerMapping [341] - Mapped URL path [/webjars/**] onto handler of type [class org.springframework.web.servlet.resource.ResourceHttpRequestHandler]
[ INFO ] [2016-07-27 17:54:40] org.springframework.web.servlet.handler.SimpleUrlHandlerMapping [341] - Mapped URL path [/**] onto handler of type [class org.springframework.web.servlet.resource.ResourceHttpRequestHandler]
[ INFO ] [2016-07-27 17:54:40] org.springframework.web.servlet.handler.SimpleUrlHandlerMapping [341] - Mapped URL path [/**/favicon.ico] onto handler of type [class org.springframework.web.servlet.resource.ResourceHttpRequestHandler]
[ INFO ] [2016-07-27 17:54:40] org.springframework.jmx.export.annotation.AnnotationMBeanExporter [431] - Registering beans for JMX exposure on startup
[ INFO ] [2016-07-27 17:54:40] org.apache.coyote.http11.Http11NioProtocol [180] - Initializing ProtocolHandler ["http-nio-8080"]
[ INFO ] [2016-07-27 17:54:40] org.apache.coyote.http11.Http11NioProtocol [180] - Starting ProtocolHandler ["http-nio-8080"]
[ INFO ] [2016-07-27 17:54:40] org.apache.tomcat.util.net.NioSelectorPool [180] - Using a shared selector for servlet write/read
[ INFO ] [2016-07-27 17:54:40] org.springframework.boot.context.embedded.tomcat.TomcatEmbeddedServletContainer [162] - Tomcat started on port(s): 8080 (http)
[ INFO ] [2016-07-27 17:54:40] com.dzg.BootSimpleApplication [57] - Started BootSimpleApplication in 2.478 seconds (JVM running for 2.839)
[ INFO ] [2016-07-27 17:55:36] org.apache.catalina.core.ContainerBase.[Tomcat].[localhost].[/] [180] - Initializing Spring FrameworkServlet 'dispatcherServlet'
[ INFO ] [2016-07-27 17:55:36] org.springframework.web.servlet.DispatcherServlet [487] - FrameworkServlet 'dispatcherServlet': initialization started
[ INFO ] [2016-07-27 17:55:36] org.springframework.web.servlet.DispatcherServlet [506] - FrameworkServlet 'dispatcherServlet': initialization completed in 14 ms
[ INFO ] [2016-07-27 17:57:48] com.dzg.BootSimpleApplication [48] - Starting BootSimpleApplication on DZG-PC with PID 12632 (E:\CodingArea\bootSimple\BootSimpleDemo\target\classes started by DZG in E:\CodingArea\bootSimple\BootSimpleDemo)
[ INFO ] [2016-07-27 17:57:48] com.dzg.BootSimpleApplication [660] - No active profile set, falling back to default profiles: default
[ INFO ] [2016-07-27 17:57:48] org.springframework.boot.context.embedded.AnnotationConfigEmbeddedWebApplicationContext [578] - Refreshing org.springframework.boot.context.embedded.AnnotationConfigEmbeddedWebApplicationContext@36f0f1be: startup date [Wed Jul 27 17:57:48 CST 2016]; root of context hierarchy
[ INFO ] [2016-07-27 17:57:48] org.hibernate.validator.internal.util.Version [30] - HV000001: Hibernate Validator 5.2.4.Final
[ INFO ] [2016-07-27 17:57:49] org.springframework.boot.context.embedded.tomcat.TomcatEmbeddedServletContainer [81] - Tomcat initialized with port(s): 8080 (http)
[ INFO ] [2016-07-27 17:57:49] org.apache.catalina.core.StandardService [180] - Starting service Tomcat
[ INFO ] [2016-07-27 17:57:49] org.apache.catalina.core.StandardEngine [180] - Starting Servlet Engine: Apache Tomcat/8.0.36
[ INFO ] [2016-07-27 17:57:49] org.apache.catalina.core.ContainerBase.[Tomcat].[localhost].[/] [180] - Initializing Spring embedded WebApplicationContext
[ INFO ] [2016-07-27 17:57:50] org.springframework.boot.context.embedded.FilterRegistrationBean [258] - Mapping filter: 'characterEncodingFilter' to: [/*]
[ INFO ] [2016-07-27 17:57:50] org.springframework.boot.context.embedded.FilterRegistrationBean [258] - Mapping filter: 'hiddenHttpMethodFilter' to: [/*]
[ INFO ] [2016-07-27 17:57:50] org.springframework.boot.context.embedded.FilterRegistrationBean [258] - Mapping filter: 'httpPutFormContentFilter' to: [/*]
[ INFO ] [2016-07-27 17:57:50] org.springframework.boot.context.embedded.FilterRegistrationBean [258] - Mapping filter: 'requestContextFilter' to: [/*]
[ INFO ] [2016-07-27 17:57:50] org.springframework.boot.context.embedded.DelegatingFilterProxyRegistrationBean [258] - Mapping filter: 'springSecurityFilterChain' to: [/*]
[ INFO ] [2016-07-27 17:57:50] org.springframework.boot.context.embedded.ServletRegistrationBean [189] - Mapping servlet: 'dispatcherServlet' to [/]
[ INFO ] [2016-07-27 17:57:50] org.springframework.security.web.DefaultSecurityFilterChain [28] - Creating filter chain: Ant [pattern='/css/**'], []
[ INFO ] [2016-07-27 17:57:50] org.springframework.security.web.DefaultSecurityFilterChain [28] - Creating filter chain: Ant [pattern='/js/**'], []
[ INFO ] [2016-07-27 17:57:50] org.springframework.security.web.DefaultSecurityFilterChain [28] - Creating filter chain: Ant [pattern='/images/**'], []
[ INFO ] [2016-07-27 17:57:50] org.springframework.security.web.DefaultSecurityFilterChain [28] - Creating filter chain: Ant [pattern='/**/favicon.ico'], []
[ INFO ] [2016-07-27 17:57:50] org.springframework.security.web.DefaultSecurityFilterChain [28] - Creating filter chain: Ant [pattern='/error'], []
[ INFO ] [2016-07-27 17:57:50] org.springframework.security.web.DefaultSecurityFilterChain [28] - Creating filter chain: OrRequestMatcher [requestMatchers=[Ant [pattern='/**']]], [org.springframework.security.web.context.request.async.WebAsyncManagerIntegrationFilter@75e89e4b, org.springframework.security.web.context.SecurityContextPersistenceFilter@203d5334, org.springframework.security.web.header.HeaderWriterFilter@145407a5, org.springframework.security.web.authentication.logout.LogoutFilter@158781e5, org.springframework.security.web.authentication.www.BasicAuthenticationFilter@62f29d38, org.springframework.security.web.savedrequest.RequestCacheAwareFilter@7c56c6ff, org.springframework.security.web.servletapi.SecurityContextHolderAwareRequestFilter@1fad0a1, org.springframework.security.web.authentication.AnonymousAuthenticationFilter@1c5663bc, org.springframework.security.web.session.SessionManagementFilter@fbb3519, org.springframework.security.web.access.ExceptionTranslationFilter@38819951, org.springframework.security.web.access.intercept.FilterSecurityInterceptor@7a422fbe]
[ INFO ] [2016-07-27 17:57:50] org.springframework.jmx.export.annotation.AnnotationMBeanExporter [431] - Registering beans for JMX exposure on startup
[ INFO ] [2016-07-27 17:57:50] org.apache.coyote.http11.Http11NioProtocol [180] - Initializing ProtocolHandler ["http-nio-8080"]
[ INFO ] [2016-07-27 17:57:50] org.apache.coyote.http11.Http11NioProtocol [180] - Starting ProtocolHandler ["http-nio-8080"]
[ INFO ] [2016-07-27 17:57:50] org.apache.tomcat.util.net.NioSelectorPool [180] - Using a shared selector for servlet write/read
[ INFO ] [2016-07-27 17:57:50] org.springframework.boot.context.embedded.tomcat.TomcatEmbeddedServletContainer [162] - Tomcat started on port(s): 8080 (http)
[ INFO ] [2016-07-27 17:57:50] com.dzg.BootSimpleApplication [57] - Started BootSimpleApplication in 3.11 seconds (JVM running for 3.541)
[ INFO ] [2016-07-27 17:58:05] org.apache.catalina.core.ContainerBase.[Tomcat].[localhost].[/] [180] - Initializing Spring FrameworkServlet 'dispatcherServlet'
