[ INFO ] [2016-07-28 09:35:21] com.dzg.BootSimpleApplication [48] - Starting BootSimpleApplication on DZG-PC with PID 13048 (E:\CodingArea\bootSimple\BootSimpleDemo\target\classes started by DZG in E:\CodingArea\bootSimple\BootSimpleDemo)
[ INFO ] [2016-07-28 09:35:21] com.dzg.BootSimpleApplication [660] - No active profile set, falling back to default profiles: default
[ INFO ] [2016-07-28 09:35:21] org.springframework.boot.context.embedded.AnnotationConfigEmbeddedWebApplicationContext [578] - Refreshing org.springframework.boot.context.embedded.AnnotationConfigEmbeddedWebApplicationContext@36f0f1be: startup date [Thu Jul 28 09:35:21 CST 2016]; root of context hierarchy
[ INFO ] [2016-07-28 09:35:21] org.hibernate.validator.internal.util.Version [30] - HV000001: Hibernate Validator 5.2.4.Final
[ INFO ] [2016-07-28 09:35:22] org.springframework.boot.context.embedded.tomcat.TomcatEmbeddedServletContainer [81] - Tomcat initialized with port(s): 8080 (http)
[ INFO ] [2016-07-28 09:35:22] org.apache.catalina.core.StandardService [180] - Starting service Tomcat
[ INFO ] [2016-07-28 09:35:22] org.apache.catalina.core.StandardEngine [180] - Starting Servlet Engine: Apache Tomcat/8.0.36
[ INFO ] [2016-07-28 09:35:22] org.apache.catalina.core.ContainerBase.[Tomcat].[localhost].[/] [180] - Initializing Spring embedded WebApplicationContext
[ INFO ] [2016-07-28 09:35:22] org.springframework.web.context.ContextLoader [272] - Root WebApplicationContext: initialization completed in 1369 ms
[ INFO ] [2016-07-28 09:35:23] org.springframework.boot.context.embedded.FilterRegistrationBean [258] - Mapping filter: 'characterEncodingFilter' to: [/*]
[ INFO ] [2016-07-28 09:35:23] org.springframework.boot.context.embedded.FilterRegistrationBean [258] - Mapping filter: 'hiddenHttpMethodFilter' to: [/*]
[ INFO ] [2016-07-28 09:35:23] org.springframework.boot.context.embedded.FilterRegistrationBean [258] - Mapping filter: 'httpPutFormContentFilter' to: [/*]
[ INFO ] [2016-07-28 09:35:23] org.springframework.boot.context.embedded.FilterRegistrationBean [258] - Mapping filter: 'requestContextFilter' to: [/*]
[ INFO ] [2016-07-28 09:35:23] org.springframework.boot.context.embedded.DelegatingFilterProxyRegistrationBean [258] - Mapping filter: 'springSecurityFilterChain' to: [/*]
[ INFO ] [2016-07-28 09:35:23] org.springframework.boot.context.embedded.ServletRegistrationBean [189] - Mapping servlet: 'dispatcherServlet' to [/]
[ INFO ] [2016-07-28 09:35:23] org.springframework.security.web.DefaultSecurityFilterChain [28] - Creating filter chain: Ant [pattern='/css/**'], []
[ INFO ] [2016-07-28 09:35:23] org.springframework.security.web.DefaultSecurityFilterChain [28] - Creating filter chain: Ant [pattern='/js/**'], []
[ INFO ] [2016-07-28 09:35:23] org.springframework.security.web.DefaultSecurityFilterChain [28] - Creating filter chain: Ant [pattern='/images/**'], []
[ INFO ] [2016-07-28 09:35:23] org.springframework.security.web.DefaultSecurityFilterChain [28] - Creating filter chain: Ant [pattern='/**/favicon.ico'], []
[ INFO ] [2016-07-28 09:35:23] org.springframework.security.web.DefaultSecurityFilterChain [28] - Creating filter chain: Ant [pattern='/error'], []
[ INFO ] [2016-07-28 09:35:23] org.springframework.security.web.DefaultSecurityFilterChain [28] - Creating filter chain: OrRequestMatcher [requestMatchers=[Ant [pattern='/**']]], [org.springframework.security.web.context.request.async.WebAsyncManagerIntegrationFilter@1d8527c5, org.springframework.security.web.context.SecurityContextPersistenceFilter@2077f332, org.springframework.security.web.header.HeaderWriterFilter@77248a01, org.springframework.security.web.authentication.logout.LogoutFilter@4b7aebae, org.springframework.security.web.authentication.www.BasicAuthenticationFilter@1aabdf6b, org.springframework.security.web.savedrequest.RequestCacheAwareFilter@ae8dd17, org.springframework.security.web.servletapi.SecurityContextHolderAwareRequestFilter@155f1fbe, org.springframework.security.web.authentication.AnonymousAuthenticationFilter@1c729407, org.springframework.security.web.session.SessionManagementFilter@21d0215d, org.springframework.security.web.access.ExceptionTranslationFilter@627429f5, org.springframework.security.web.access.intercept.FilterSecurityInterceptor@40c0912e]
[ INFO ] [2016-07-28 09:35:23] org.springframework.web.servlet.mvc.method.annotation.RequestMappingHandlerAdapter [539] - Looking for @ControllerAdvice: org.springframework.boot.context.embedded.AnnotationConfigEmbeddedWebApplicationContext@36f0f1be: startup date [Thu Jul 28 09:35:21 CST 2016]; root of context hierarchy
[ INFO ] [2016-07-28 09:35:23] org.springframework.web.servlet.mvc.method.annotation.RequestMappingHandlerMapping [534] - Mapped "{[/]}" onto java.lang.String com.dzg.controller.HelloController.home()
[ INFO ] [2016-07-28 09:35:23] org.springframework.web.servlet.mvc.method.annotation.RequestMappingHandlerMapping [534] - Mapped "{[/hello/{name}]}" onto public java.lang.String com.dzg.controller.HelloController.hellName(java.lang.String)
[ INFO ] [2016-07-28 09:35:23] org.springframework.web.servlet.mvc.method.annotation.RequestMappingHandlerMapping [534] - Mapped "{[/error]}" onto public org.springframework.http.ResponseEntity<java.util.Map<java.lang.String, java.lang.Object>> org.springframework.boot.autoconfigure.web.BasicErrorController.error(javax.servlet.http.HttpServletRequest)
[ INFO ] [2016-07-28 09:35:23] org.springframework.web.servlet.mvc.method.annotation.RequestMappingHandlerMapping [534] - Mapped "{[/error],produces=[text/html]}" onto public org.springframework.web.servlet.ModelAndView org.springframework.boot.autoconfigure.web.BasicErrorController.errorHtml(javax.servlet.http.HttpServletRequest,javax.servlet.http.HttpServletResponse)
[ INFO ] [2016-07-28 09:35:23] org.springframework.web.servlet.handler.SimpleUrlHandlerMapping [341] - Mapped URL path [/webjars/**] onto handler of type [class org.springframework.web.servlet.resource.ResourceHttpRequestHandler]
[ INFO ] [2016-07-28 09:35:23] org.springframework.web.servlet.handler.SimpleUrlHandlerMapping [341] - Mapped URL path [/**] onto handler of type [class org.springframework.web.servlet.resource.ResourceHttpRequestHandler]
[ INFO ] [2016-07-28 09:35:23] org.springframework.web.servlet.handler.SimpleUrlHandlerMapping [341] - Mapped URL path [/**/favicon.ico] onto handler of type [class org.springframework.web.servlet.resource.ResourceHttpRequestHandler]
[ INFO ] [2016-07-28 09:35:23] org.springframework.jmx.export.annotation.AnnotationMBeanExporter [431] - Registering beans for JMX exposure on startup
[ INFO ] [2016-07-28 09:35:23] org.apache.coyote.http11.Http11NioProtocol [180] - Initializing ProtocolHandler ["http-nio-8080"]
[ INFO ] [2016-07-28 09:35:23] org.apache.coyote.http11.Http11NioProtocol [180] - Starting ProtocolHandler ["http-nio-8080"]
[ INFO ] [2016-07-28 09:35:23] org.apache.tomcat.util.net.NioSelectorPool [180] - Using a shared selector for servlet write/read
[ INFO ] [2016-07-28 09:35:23] org.springframework.boot.context.embedded.tomcat.TomcatEmbeddedServletContainer [162] - Tomcat started on port(s): 8080 (http)
[ INFO ] [2016-07-28 09:35:23] com.dzg.BootSimpleApplication [57] - Started BootSimpleApplication in 2.736 seconds (JVM running for 3.218)
[ INFO ] [2016-07-28 09:35:41] com.dzg.BootSimpleApplication [48] - Starting BootSimpleApplication on DZG-PC with PID 9068 (E:\CodingArea\bootSimple\BootSimpleDemo\target\classes started by DZG in E:\CodingArea\bootSimple\BootSimpleDemo)
[ INFO ] [2016-07-28 09:35:41] com.dzg.BootSimpleApplication [660] - No active profile set, falling back to default profiles: default
[ INFO ] [2016-07-28 09:35:41] org.springframework.boot.context.embedded.AnnotationConfigEmbeddedWebApplicationContext [578] - Refreshing org.springframework.boot.context.embedded.AnnotationConfigEmbeddedWebApplicationContext@57d5872c: startup date [Thu Jul 28 09:35:41 CST 2016]; root of context hierarchy
[ INFO ] [2016-07-28 09:35:41] org.hibernate.validator.internal.util.Version [30] - HV000001: Hibernate Validator 5.2.4.Final
[ INFO ] [2016-07-28 09:35:42] org.springframework.boot.context.embedded.tomcat.TomcatEmbeddedServletContainer [81] - Tomcat initialized with port(s): 8080 (http)
[ INFO ] [2016-07-28 09:35:42] org.apache.catalina.core.StandardService [180] - Starting service Tomcat
[ INFO ] [2016-07-28 09:35:42] org.apache.catalina.core.StandardEngine [180] - Starting Servlet Engine: Apache Tomcat/8.0.36
[ INFO ] [2016-07-28 09:35:42] org.apache.catalina.core.ContainerBase.[Tomcat].[localhost].[/] [180] - Initializing Spring embedded WebApplicationContext
[ INFO ] [2016-07-28 09:35:42] org.springframework.web.context.ContextLoader [272] - Root WebApplicationContext: initialization completed in 1440 ms
[ INFO ] [2016-07-28 09:35:43] org.springframework.boot.context.embedded.FilterRegistrationBean [258] - Mapping filter: 'characterEncodingFilter' to: [/*]
[ INFO ] [2016-07-28 09:35:43] org.springframework.boot.context.embedded.FilterRegistrationBean [258] - Mapping filter: 'hiddenHttpMethodFilter' to: [/*]
[ INFO ] [2016-07-28 09:35:43] org.springframework.boot.context.embedded.FilterRegistrationBean [258] - Mapping filter: 'httpPutFormContentFilter' to: [/*]
[ INFO ] [2016-07-28 09:35:43] org.springframework.boot.context.embedded.FilterRegistrationBean [258] - Mapping filter: 'requestContextFilter' to: [/*]
[ INFO ] [2016-07-28 09:35:43] org.springframework.boot.context.embedded.DelegatingFilterProxyRegistrationBean [258] - Mapping filter: 'springSecurityFilterChain' to: [/*]
[ INFO ] [2016-07-28 09:35:43] org.springframework.boot.context.embedded.ServletRegistrationBean [189] - Mapping servlet: 'dispatcherServlet' to [/]
[ INFO ] [2016-07-28 09:35:43] org.springframework.security.web.DefaultSecurityFilterChain [28] - Creating filter chain: Ant [pattern='/css/**'], []
[ INFO ] [2016-07-28 09:35:43] org.springframework.security.web.DefaultSecurityFilterChain [28] - Creating filter chain: Ant [pattern='/js/**'], []
[ INFO ] [2016-07-28 09:35:43] org.springframework.security.web.DefaultSecurityFilterChain [28] - Creating filter chain: Ant [pattern='/images/**'], []
[ INFO ] [2016-07-28 09:35:43] org.springframework.security.web.DefaultSecurityFilterChain [28] - Creating filter chain: Ant [pattern='/**/favicon.ico'], []
[ INFO ] [2016-07-28 09:35:43] org.springframework.security.web.DefaultSecurityFilterChain [28] - Creating filter chain: Ant [pattern='/error'], []
[ INFO ] [2016-07-28 09:35:43] org.springframework.security.web.DefaultSecurityFilterChain [28] - Creating filter chain: OrRequestMatcher [requestMatchers=[Ant [pattern='/**']]], [org.springframework.security.web.context.request.async.WebAsyncManagerIntegrationFilter@74dd0d56, org.springframework.security.web.context.SecurityContextPersistenceFilter@129c9b46, org.springframework.security.web.header.HeaderWriterFilter@21a42699, org.springframework.security.web.authentication.logout.LogoutFilter@2032909f, org.springframework.security.web.authentication.www.BasicAuthenticationFilter@20be7ca2, org.springframework.security.web.savedrequest.RequestCacheAwareFilter@2c378a39, org.springframework.security.web.servletapi.SecurityContextHolderAwareRequestFilter@4d4a4c1b, org.springframework.security.web.authentication.AnonymousAuthenticationFilter@6438b6b9, org.springframework.security.web.session.SessionManagementFilter@53b10456, org.springframework.security.web.access.ExceptionTranslationFilter@55fc815e, org.springframework.security.web.access.intercept.FilterSecurityInterceptor@6cc77ace]
[ INFO ] [2016-07-28 09:35:43] org.springframework.web.servlet.mvc.method.annotation.RequestMappingHandlerAdapter [539] - Looking for @ControllerAdvice: org.springframework.boot.context.embedded.AnnotationConfigEmbeddedWebApplicationContext@57d5872c: startup date [Thu Jul 28 09:35:41 CST 2016]; root of context hierarchy
[ INFO ] [2016-07-28 09:35:43] org.springframework.web.servlet.mvc.method.annotation.RequestMappingHandlerMapping [534] - Mapped "{[/]}" onto java.lang.String com.dzg.controller.HelloController.home()
[ INFO ] [2016-07-28 09:35:43] org.springframework.web.servlet.mvc.method.annotation.RequestMappingHandlerMapping [534] - Mapped "{[/hello/{name}]}" onto public java.lang.String com.dzg.controller.HelloController.hellName(java.lang.String)
[ INFO ] [2016-07-28 09:35:43] org.springframework.web.servlet.mvc.method.annotation.RequestMappingHandlerMapping [534] - Mapped "{[/error]}" onto public org.springframework.http.ResponseEntity<java.util.Map<java.lang.String, java.lang.Object>> org.springframework.boot.autoconfigure.web.BasicErrorController.error(javax.servlet.http.HttpServletRequest)
[ INFO ] [2016-07-28 09:35:43] org.springframework.web.servlet.mvc.method.annotation.RequestMappingHandlerMapping [534] - Mapped "{[/error],produces=[text/html]}" onto public org.springframework.web.servlet.ModelAndView org.springframework.boot.autoconfigure.web.BasicErrorController.errorHtml(javax.servlet.http.HttpServletRequest,javax.servlet.http.HttpServletResponse)
[ INFO ] [2016-07-28 09:35:43] org.springframework.web.servlet.handler.SimpleUrlHandlerMapping [341] - Mapped URL path [/webjars/**] onto handler of type [class org.springframework.web.servlet.resource.ResourceHttpRequestHandler]
[ INFO ] [2016-07-28 09:35:43] org.springframework.web.servlet.handler.SimpleUrlHandlerMapping [341] - Mapped URL path [/**] onto handler of type [class org.springframework.web.servlet.resource.ResourceHttpRequestHandler]
[ INFO ] [2016-07-28 09:35:43] org.springframework.web.servlet.handler.SimpleUrlHandlerMapping [341] - Mapped URL path [/**/favicon.ico] onto handler of type [class org.springframework.web.servlet.resource.ResourceHttpRequestHandler]
[ INFO ] [2016-07-28 09:35:43] org.springframework.jmx.export.annotation.AnnotationMBeanExporter [431] - Registering beans for JMX exposure on startup
[ INFO ] [2016-07-28 09:35:43] org.apache.coyote.http11.Http11NioProtocol [180] - Initializing ProtocolHandler ["http-nio-8080"]
[ INFO ] [2016-07-28 09:35:43] org.apache.coyote.http11.Http11NioProtocol [180] - Starting ProtocolHandler ["http-nio-8080"]
[ INFO ] [2016-07-28 09:35:43] org.apache.tomcat.util.net.NioSelectorPool [180] - Using a shared selector for servlet write/read
[ INFO ] [2016-07-28 09:35:43] org.springframework.boot.context.embedded.tomcat.TomcatEmbeddedServletContainer [162] - Tomcat started on port(s): 8080 (http)
[ INFO ] [2016-07-28 09:35:43] com.dzg.BootSimpleApplication [57] - Started BootSimpleApplication in 2.451 seconds (JVM running for 2.887)
[ INFO ] [2016-07-28 09:35:57] com.dzg.BootSimpleApplication [48] - Starting BootSimpleApplication on DZG-PC with PID 13832 (E:\CodingArea\bootSimple\BootSimpleDemo\target\classes started by DZG in E:\CodingArea\bootSimple\BootSimpleDemo)
[ INFO ] [2016-07-28 09:35:57] com.dzg.BootSimpleApplication [660] - No active profile set, falling back to default profiles: default
[ INFO ] [2016-07-28 09:35:57] org.springframework.boot.context.embedded.AnnotationConfigEmbeddedWebApplicationContext [578] - Refreshing org.springframework.boot.context.embedded.AnnotationConfigEmbeddedWebApplicationContext@6328d34a: startup date [Thu Jul 28 09:35:57 CST 2016]; root of context hierarchy
[ INFO ] [2016-07-28 09:35:57] org.hibernate.validator.internal.util.Version [30] - HV000001: Hibernate Validator 5.2.4.Final
[ INFO ] [2016-07-28 09:35:58] org.springframework.boot.context.embedded.tomcat.TomcatEmbeddedServletContainer [81] - Tomcat initialized with port(s): 8080 (http)
[ INFO ] [2016-07-28 09:35:58] org.apache.catalina.core.StandardService [180] - Starting service Tomcat
[ INFO ] [2016-07-28 09:35:58] org.apache.catalina.core.StandardEngine [180] - Starting Servlet Engine: Apache Tomcat/8.0.36
[ INFO ] [2016-07-28 09:35:58] org.apache.catalina.core.ContainerBase.[Tomcat].[localhost].[/] [180] - Initializing Spring embedded WebApplicationContext
[ INFO ] [2016-07-28 09:35:58] org.springframework.web.context.ContextLoader [272] - Root WebApplicationContext: initialization completed in 1385 ms
[ INFO ] [2016-07-28 09:35:58] org.springframework.boot.context.embedded.FilterRegistrationBean [258] - Mapping filter: 'characterEncodingFilter' to: [/*]
[ INFO ] [2016-07-28 09:35:58] org.springframework.boot.context.embedded.FilterRegistrationBean [258] - Mapping filter: 'hiddenHttpMethodFilter' to: [/*]
[ INFO ] [2016-07-28 09:35:58] org.springframework.boot.context.embedded.FilterRegistrationBean [258] - Mapping filter: 'httpPutFormContentFilter' to: [/*]
[ INFO ] [2016-07-28 09:35:58] org.springframework.boot.context.embedded.FilterRegistrationBean [258] - Mapping filter: 'requestContextFilter' to: [/*]
[ INFO ] [2016-07-28 09:35:58] org.springframework.boot.context.embedded.DelegatingFilterProxyRegistrationBean [258] - Mapping filter: 'springSecurityFilterChain' to: [/*]
[ INFO ] [2016-07-28 09:35:58] org.springframework.boot.context.embedded.ServletRegistrationBean [189] - Mapping servlet: 'dispatcherServlet' to [/]
[ INFO ] [2016-07-28 09:35:59] org.springframework.security.web.DefaultSecurityFilterChain [28] - Creating filter chain: Ant [pattern='/css/**'], []
[ INFO ] [2016-07-28 09:35:59] org.springframework.security.web.DefaultSecurityFilterChain [28] - Creating filter chain: Ant [pattern='/js/**'], []
[ INFO ] [2016-07-28 09:35:59] org.springframework.security.web.DefaultSecurityFilterChain [28] - Creating filter chain: Ant [pattern='/images/**'], []
[ INFO ] [2016-07-28 09:35:59] org.springframework.security.web.DefaultSecurityFilterChain [28] - Creating filter chain: Ant [pattern='/**/favicon.ico'], []
[ INFO ] [2016-07-28 09:35:59] org.springframework.security.web.DefaultSecurityFilterChain [28] - Creating filter chain: Ant [pattern='/error'], []
[ INFO ] [2016-07-28 09:35:59] org.springframework.security.web.DefaultSecurityFilterChain [28] - Creating filter chain: OrRequestMatcher [requestMatchers=[Ant [pattern='/**']]], [org.springframework.security.web.context.request.async.WebAsyncManagerIntegrationFilter@45f10efc, org.springframework.security.web.context.SecurityContextPersistenceFilter@5a9b8d91, org.springframework.security.web.header.HeaderWriterFilter@c9628a0, org.springframework.security.web.authentication.logout.LogoutFilter@fca1905, org.springframework.security.web.authentication.www.BasicAuthenticationFilter@729cda61, org.springframework.security.web.savedrequest.RequestCacheAwareFilter@7e12bd49, org.springframework.security.web.servletapi.SecurityContextHolderAwareRequestFilter@7bc27849, org.springframework.security.web.authentication.AnonymousAuthenticationFilter@122941f3, org.springframework.security.web.session.SessionManagementFilter@2e9d42ae, org.springframework.security.web.access.ExceptionTranslationFilter@1b5eb3d5, org.springframework.security.web.access.intercept.FilterSecurityInterceptor@249cb39e]
[ INFO ] [2016-07-28 09:35:59] org.springframework.web.servlet.mvc.method.annotation.RequestMappingHandlerAdapter [539] - Looking for @ControllerAdvice: org.springframework.boot.context.embedded.AnnotationConfigEmbeddedWebApplicationContext@6328d34a: startup date [Thu Jul 28 09:35:57 CST 2016]; root of context hierarchy
[ INFO ] [2016-07-28 09:35:59] org.springframework.web.servlet.mvc.method.annotation.RequestMappingHandlerMapping [534] - Mapped "{[/]}" onto java.lang.String com.dzg.controller.HelloController.home()
[ INFO ] [2016-07-28 09:35:59] org.springframework.web.servlet.mvc.method.annotation.RequestMappingHandlerMapping [534] - Mapped "{[/hello/{name}]}" onto public java.lang.String com.dzg.controller.HelloController.hellName(java.lang.String)
[ INFO ] [2016-07-28 09:35:59] org.springframework.web.servlet.mvc.method.annotation.RequestMappingHandlerMapping [534] - Mapped "{[/error]}" onto public org.springframework.http.ResponseEntity<java.util.Map<java.lang.String, java.lang.Object>> org.springframework.boot.autoconfigure.web.BasicErrorController.error(javax.servlet.http.HttpServletRequest)
[ INFO ] [2016-07-28 09:35:59] org.springframework.web.servlet.mvc.method.annotation.RequestMappingHandlerMapping [534] - Mapped "{[/error],produces=[text/html]}" onto public org.springframework.web.servlet.ModelAndView org.springframework.boot.autoconfigure.web.BasicErrorController.errorHtml(javax.servlet.http.HttpServletRequest,javax.servlet.http.HttpServletResponse)
[ INFO ] [2016-07-28 09:35:59] org.springframework.web.servlet.handler.SimpleUrlHandlerMapping [341] - Mapped URL path [/webjars/**] onto handler of type [class org.springframework.web.servlet.resource.ResourceHttpRequestHandler]
[ INFO ] [2016-07-28 09:35:59] org.springframework.web.servlet.handler.SimpleUrlHandlerMapping [341] - Mapped URL path [/**] onto handler of type [class org.springframework.web.servlet.resource.ResourceHttpRequestHandler]
[ INFO ] [2016-07-28 09:35:59] org.springframework.web.servlet.handler.SimpleUrlHandlerMapping [341] - Mapped URL path [/**/favicon.ico] onto handler of type [class org.springframework.web.servlet.resource.ResourceHttpRequestHandler]
[ INFO ] [2016-07-28 09:35:59] org.springframework.jmx.export.annotation.AnnotationMBeanExporter [431] - Registering beans for JMX exposure on startup
[ INFO ] [2016-07-28 09:35:59] org.apache.coyote.http11.Http11NioProtocol [180] - Initializing ProtocolHandler ["http-nio-8080"]
[ INFO ] [2016-07-28 09:35:59] org.apache.coyote.http11.Http11NioProtocol [180] - Starting ProtocolHandler ["http-nio-8080"]
[ INFO ] [2016-07-28 09:35:59] org.apache.tomcat.util.net.NioSelectorPool [180] - Using a shared selector for servlet write/read
[ INFO ] [2016-07-28 09:35:59] org.springframework.boot.context.embedded.tomcat.TomcatEmbeddedServletContainer [162] - Tomcat started on port(s): 8080 (http)
[ INFO ] [2016-07-28 09:35:59] com.dzg.BootSimpleApplication [57] - Started BootSimpleApplication in 2.425 seconds (JVM running for 2.85)
[ INFO ] [2016-07-28 09:36:21] org.apache.catalina.core.ContainerBase.[Tomcat].[localhost].[/] [180] - Initializing Spring FrameworkServlet 'dispatcherServlet'
[ INFO ] [2016-07-28 09:36:21] org.springframework.web.servlet.DispatcherServlet [487] - FrameworkServlet 'dispatcherServlet': initialization started
[ INFO ] [2016-07-28 09:36:21] org.springframework.web.servlet.DispatcherServlet [506] - FrameworkServlet 'dispatcherServlet': initialization completed in 9 ms
